#
# A fatal error has been detected by the Java Runtime Environment:
#
#  EXCEPTION_ACCESS_VIOLATION (0xc0000005) at pc=0x00007ffbf2b66e53, pid=6932, tid=0x0000000000000b28
#
# JRE version: Java(TM) SE Runtime Environment (8.0_281-b09) (build 1.8.0_281-b09)
# Java VM: Java HotSpot(TM) 64-Bit Server VM (25.281-b09 mixed mode windows-amd64 compressed oops)
# Problematic frame:
# C  [ucrtbase.dll+0x26e53]
#
# Failed to write core dump. Minidumps are not enabled by default on client versions of Windows
#
# If you would like to submit a bug report, please visit:
#   http://bugreport.java.com/bugreport/crash.jsp
# The crash happened outside the Java Virtual Machine in native code.
# See problematic frame for where to report the bug.
#

---------------  T H R E A D  ---------------

Current thread (0x0000023ffd60c800):  JavaThread "Thread-4" [_thread_in_native, id=2856, stack(0x000000586b100000,0x000000586b200000)]

siginfo: ExceptionCode=0xc0000005, reading address 0xffffffffffffffff

Registers:
RAX=0x83001a0000000000, RBX=0x0000000000000000, RCX=0x0000000000000000, RDX=0x83001a0000000000
RSP=0x000000586b1ff0b8, RBP=0x000000586b1ff1b0, RSI=0x0000000000000000, RDI=0x0000023ffd60c9f8
R8 =0x83001a0000000000, R9 =0x0000000000000000, R10=0x000000000000000c, R11=0x00000000ffffffff
R12=0x0000000000000000, R13=0x0000023f83b790a0, R14=0x0000023f81969538, R15=0x0000023f816bab70
RIP=0x00007ffbf2b66e53, EFLAGS=0x0000000000010246

Top of Stack: (sp=0x000000586b1ff0b8)
0x000000586b1ff0b8:   00007ffbb0dd49be 0000023f81969530
0x000000586b1ff0c8:   000000586b1ff1b0 0000000000000006
0x000000586b1ff0d8:   0000000000000006 0000023f00000000
0x000000586b1ff0e8:   000000586b1ff158 000000586b1ff150
0x000000586b1ff0f8:   0000000020000030 0000023f83b790a0
0x000000586b1ff108:   0000023f816bab70 fffffffffffffffe
0x000000586b1ff118:   0000023f83b790a0 0000023ffd60c800
0x000000586b1ff128:   000000586b1ff1d0 0000023fe8808100
0x000000586b1ff138:   0000023fe8819f4e 0000023f83b790a0
0x000000586b1ff148:   0000000020000030 000000000000023f
0x000000586b1ff158:   0000023f00000000 000000586b1ff260
0x000000586b1ff168:   0000023fe8819c02 000000586b1ff170
0x000000586b1ff178:   0000023f83b790a0 000000586b1ff1d0
0x000000586b1ff188:   0000023f83b797f8 0000000000000000
0x000000586b1ff198:   0000023f83b790a0 0000000000000000
0x000000586b1ff1a8:   000000586b1ff1d0 000000586b1ff230 

Instructions: (pc=0x00007ffbf2b66e53)
0x00007ffbf2b66e33:   48 83 c2 02 48 3b d0 75 f2 49 2b d0 48 d1 fa 49
0x00007ffbf2b66e43:   3b d1 0f 85 ba 00 00 00 49 8d 14 50 c5 f1 ef c9
0x00007ffbf2b66e53:   c5 f5 75 0a c5 fd d7 c1 85 c0 c5 f8 77 75 06 48
0x00007ffbf2b66e63:   83 c2 20 eb e7 66 39 0a 0f 84 8e 00 00 00 48 83 


Register to memory mapping:

RAX=0x83001a0000000000 is an unknown value
RBX=0x0000000000000000 is an unknown value
RCX=0x0000000000000000 is an unknown value
RDX=0x83001a0000000000 is an unknown value
RSP=0x000000586b1ff0b8 is pointing into the stack for thread: 0x0000023ffd60c800
RBP=0x000000586b1ff1b0 is pointing into the stack for thread: 0x0000023ffd60c800
RSI=0x0000000000000000 is an unknown value
RDI=0x0000023ffd60c9f8 is an unknown value
R8 =0x83001a0000000000 is an unknown value
R9 =0x0000000000000000 is an unknown value
R10=0x000000000000000c is an unknown value
R11=0x00000000ffffffff is an unallocated location in the heap
R12=0x0000000000000000 is an unknown value
R13={method} {0x0000023f83b790a8} 'getAllPrinterNames' '()[Ljava/lang/String;' in 'sun/print/Win32PrintServiceLookup'
R14=0x0000023f81969538 is an unknown value
R15=0x0000023f816bab70 is an unknown value


Stack: [0x000000586b100000,0x000000586b200000],  sp=0x000000586b1ff0b8,  free space=1020k
Native frames: (J=compiled Java code, j=interpreted, Vv=VM code, C=native code)
C  [ucrtbase.dll+0x26e53]

Java frames: (J=compiled Java code, j=interpreted, Vv=VM code)
j  sun.print.Win32PrintServiceLookup.getAllPrinterNames()[Ljava/lang/String;+0
j  sun.print.Win32PrintServiceLookup.refreshServices()V+2
j  sun.print.Win32PrintServiceLookup.getPrintServices()[Ljavax/print/PrintService;+20
j  sun.print.Win32PrintServiceLookup.getPrintServices(Ljavax/print/DocFlavor;Ljavax/print/attribute/AttributeSet;)[Ljavax/print/PrintService;+211
j  javax.print.PrintServiceLookup.getServices(Ljavax/print/DocFlavor;Ljavax/print/attribute/AttributeSet;)Ljava/util/ArrayList;+65
j  javax.print.PrintServiceLookup.lookupPrintServices(Ljavax/print/DocFlavor;Ljavax/print/attribute/AttributeSet;)[Ljavax/print/PrintService;+2
j  java.awt.print.PrinterJob.lookupPrintServices()[Ljavax/print/PrintService;+4
j  net.sf.jasperreports.engine.export.JRPrintServiceExporter.checkAvailablePrinters()Z+0
j  net.sf.jasperreports.engine.JasperPrintManager.print(Lnet/sf/jasperreports/engine/JasperPrint;Z)Z+25
j  net.sf.jasperreports.swing.JRViewerToolbar$16.run()V+35
j  java.lang.Thread.run()V+11
v  ~StubRoutines::call_stub

---------------  P R O C E S S  ---------------

Java Threads: ( => current thread )
  0x0000023ffd60b000 JavaThread "RemotePrinterListener" daemon [_thread_in_native, id=1824, stack(0x000000586c800000,0x000000586c900000)]
  0x0000023ffd610800 JavaThread "Image Fetcher 0" daemon [_thread_blocked, id=12008, stack(0x000000586b200000,0x000000586b300000)]
=>0x0000023ffd60c800 JavaThread "Thread-4" [_thread_in_native, id=2856, stack(0x000000586b100000,0x000000586b200000)]
  0x0000023ffedd5800 JavaThread "TimerQueue" daemon [_thread_blocked, id=1360, stack(0x000000586cb00000,0x000000586cc00000)]
  0x0000023ffe96b800 JavaThread "mysql-cj-abandoned-connection-cleanup" daemon [_thread_blocked, id=16540, stack(0x000000586c600000,0x000000586c700000)]
  0x0000023fe6e5a800 JavaThread "DestroyJavaVM" [_thread_blocked, id=6520, stack(0x000000586b300000,0x000000586b400000)]
  0x0000023ffe947800 JavaThread "AWT-EventQueue-0" [_thread_blocked, id=1924, stack(0x000000586c500000,0x000000586c600000)]
  0x0000023ffe8d7000 JavaThread "AWT-Windows" daemon [_thread_in_native, id=6108, stack(0x000000586c400000,0x000000586c500000)]
  0x0000023ffe8d6800 JavaThread "AWT-Shutdown" [_thread_blocked, id=3332, stack(0x000000586c300000,0x000000586c400000)]
  0x0000023ffe856000 JavaThread "Java2D Disposer" daemon [_thread_blocked, id=7752, stack(0x000000586c200000,0x000000586c300000)]
  0x0000023ffd694000 JavaThread "Service Thread" daemon [_thread_blocked, id=11784, stack(0x000000586c000000,0x000000586c100000)]
  0x0000023ffd60f800 JavaThread "C1 CompilerThread2" daemon [_thread_blocked, id=9272, stack(0x000000586bf00000,0x000000586c000000)]
  0x0000023ffd606000 JavaThread "C2 CompilerThread1" daemon [_thread_blocked, id=5596, stack(0x000000586be00000,0x000000586bf00000)]
  0x0000023ffd5fa800 JavaThread "C2 CompilerThread0" daemon [_thread_blocked, id=11700, stack(0x000000586bd00000,0x000000586be00000)]
  0x0000023ffd5f9000 JavaThread "Attach Listener" daemon [_thread_blocked, id=5316, stack(0x000000586bc00000,0x000000586bd00000)]
  0x0000023ffd601000 JavaThread "Signal Dispatcher" daemon [_thread_blocked, id=2728, stack(0x000000586bb00000,0x000000586bc00000)]
  0x0000023ffceab000 JavaThread "Finalizer" daemon [_thread_blocked, id=848, stack(0x000000586ba00000,0x000000586bb00000)]
  0x0000023ffd5d6000 JavaThread "Reference Handler" daemon [_thread_blocked, id=13844, stack(0x000000586b900000,0x000000586ba00000)]

Other Threads:
  0x0000023ffd5b3000 VMThread [stack: 0x000000586b800000,0x000000586b900000] [id=11484]
  0x0000023ffd6ab000 WatcherThread [stack: 0x000000586c100000,0x000000586c200000] [id=13440]

VM state:not at safepoint (normal execution)

VM Mutex/Monitor currently owned by a thread: None

heap address: 0x0000000081800000, size: 2024 MB, Compressed Oops mode: 32-bit
Narrow klass base: 0x0000000000000000, Narrow klass shift: 3
Compressed class space size: 1073741824 Address: 0x0000000100000000

Heap:
 PSYoungGen      total 38400K, used 16446K [0x00000000d5d80000, 0x00000000d8800000, 0x0000000100000000)
  eden space 33280K, 34% used [0x00000000d5d80000,0x00000000d6892628,0x00000000d7e00000)
  from space 5120K, 99% used [0x00000000d8300000,0x00000000d87fd3c0,0x00000000d8800000)
  to   space 5120K, 0% used [0x00000000d7e00000,0x00000000d7e00000,0x00000000d8300000)
 ParOldGen       total 49152K, used 14329K [0x0000000081800000, 0x0000000084800000, 0x00000000d5d80000)
  object space 49152K, 29% used [0x0000000081800000,0x00000000825fe6a8,0x0000000084800000)
 Metaspace       used 33062K, capacity 33374K, committed 33664K, reserved 1079296K
  class space    used 3986K, capacity 4102K, committed 4224K, reserved 1048576K

Card table byte_map: [0x0000023ff7bc0000,0x0000023ff7fc0000] byte_map_base: 0x0000023ff77b4000

Marking Bits: (ParMarkBitMap*) 0x0000000075406ff0
 Begin Bits: [0x0000023ff8270000, 0x0000023ffa210000)
 End Bits:   [0x0000023ffa210000, 0x0000023ffc1b0000)

Polling page: 0x0000023fe6f60000

CodeCache: size=245760Kb used=10216Kb max_used=10274Kb free=235543Kb
 bounds [0x0000023fe8800000, 0x0000023fe9250000, 0x0000023ff7800000]
 total_blobs=3721 nmethods=3053 adapters=578
 compilation: enabled

Compilation events (10 events):
Event: 174.357 Thread 0x0000023ffd60f800 3346       3       java.awt.image.ColorModel::getRGBdefault (31 bytes)
Event: 174.357 Thread 0x0000023ffd60f800 nmethod 3346 0x0000023fe8f8b590 code [0x0000023fe8f8b700, 0x0000023fe8f8b970]
Event: 174.505 Thread 0x0000023ffd5fa800 3347       4       java.awt.Component::isVisible (5 bytes)
Event: 174.506 Thread 0x0000023ffd5fa800 nmethod 3347 0x0000023fe8a850d0 code [0x0000023fe8a85200, 0x0000023fe8a85258]
Event: 174.507 Thread 0x0000023ffd60f800 3348       3       sun.awt.image.BufImgSurfaceData::<init> (19 bytes)
Event: 174.508 Thread 0x0000023ffd60f800 nmethod 3348 0x0000023fe8f8aad0 code [0x0000023fe8f8ac60, 0x0000023fe8f8af70]
Event: 174.508 Thread 0x0000023ffd60f800 3351  s    3       sun.awt.image.BufImgSurfaceData::getSolidLoops (85 bytes)
Event: 174.509 Thread 0x0000023ffd60f800 nmethod 3351 0x0000023fe8f82c10 code [0x0000023fe8f82e00, 0x0000023fe8f83710]
Event: 174.509 Thread 0x0000023ffd60f800 3350       3       sun.awt.image.BufImgSurfaceData::initSolidLoops (12 bytes)
Event: 174.509 Thread 0x0000023ffd60f800 nmethod 3350 0x0000023fe8f827d0 code [0x0000023fe8f82940, 0x0000023fe8f82b90]

GC Heap History (10 events):
Event: 6.315 GC heap before
{Heap before GC invocations=1 (full 0):
 PSYoungGen      total 38400K, used 33280K [0x00000000d5d80000, 0x00000000d8800000, 0x0000000100000000)
  eden space 33280K, 100% used [0x00000000d5d80000,0x00000000d7e00000,0x00000000d7e00000)
  from space 5120K, 0% used [0x00000000d8300000,0x00000000d8300000,0x00000000d8800000)
  to   space 5120K, 0% used [0x00000000d7e00000,0x00000000d7e00000,0x00000000d8300000)
 ParOldGen       total 87552K, used 0K [0x0000000081800000, 0x0000000086d80000, 0x00000000d5d80000)
  object space 87552K, 0% used [0x0000000081800000,0x0000000081800000,0x0000000086d80000)
 Metaspace       used 16884K, capacity 17126K, committed 17280K, reserved 1064960K
  class space    used 2105K, capacity 2171K, committed 2176K, reserved 1048576K
Event: 6.323 GC heap after
Heap after GC invocations=1 (full 0):
 PSYoungGen      total 38400K, used 5105K [0x00000000d5d80000, 0x00000000d8800000, 0x0000000100000000)
  eden space 33280K, 0% used [0x00000000d5d80000,0x00000000d5d80000,0x00000000d7e00000)
  from space 5120K, 99% used [0x00000000d7e00000,0x00000000d82fc790,0x00000000d8300000)
  to   space 5120K, 0% used [0x00000000d8300000,0x00000000d8300000,0x00000000d8800000)
 ParOldGen       total 87552K, used 2417K [0x0000000081800000, 0x0000000086d80000, 0x00000000d5d80000)
  object space 87552K, 2% used [0x0000000081800000,0x0000000081a5c480,0x0000000086d80000)
 Metaspace       used 16884K, capacity 17126K, committed 17280K, reserved 1064960K
  class space    used 2105K, capacity 2171K, committed 2176K, reserved 1048576K
}
Event: 96.897 GC heap before
{Heap before GC invocations=2 (full 0):
 PSYoungGen      total 38400K, used 30962K [0x00000000d5d80000, 0x00000000d8800000, 0x0000000100000000)
  eden space 33280K, 77% used [0x00000000d5d80000,0x00000000d76c00f0,0x00000000d7e00000)
  from space 5120K, 99% used [0x00000000d7e00000,0x00000000d82fc790,0x00000000d8300000)
  to   space 5120K, 0% used [0x00000000d8300000,0x00000000d8300000,0x00000000d8800000)
 ParOldGen       total 87552K, used 2417K [0x0000000081800000, 0x0000000086d80000, 0x00000000d5d80000)
  object space 87552K, 2% used [0x0000000081800000,0x0000000081a5c480,0x0000000086d80000)
 Metaspace       used 20824K, capacity 21112K, committed 21296K, reserved 1069056K
  class space    used 2632K, capacity 2688K, committed 2688K, reserved 1048576K
Event: 96.905 GC heap after
Heap after GC invocations=2 (full 0):
 PSYoungGen      total 38400K, used 5096K [0x00000000d5d80000, 0x00000000d8800000, 0x0000000100000000)
  eden space 33280K, 0% used [0x00000000d5d80000,0x00000000d5d80000,0x00000000d7e00000)
  from space 5120K, 99% used [0x00000000d8300000,0x00000000d87fa1b8,0x00000000d8800000)
  to   space 5120K, 0% used [0x00000000d7e00000,0x00000000d7e00000,0x00000000d8300000)
 ParOldGen       total 87552K, used 6774K [0x0000000081800000, 0x0000000086d80000, 0x00000000d5d80000)
  object space 87552K, 7% used [0x0000000081800000,0x0000000081e9da30,0x0000000086d80000)
 Metaspace       used 20824K, capacity 21112K, committed 21296K, reserved 1069056K
  class space    used 2632K, capacity 2688K, committed 2688K, reserved 1048576K
}
Event: 96.905 GC heap before
{Heap before GC invocations=3 (full 1):
 PSYoungGen      total 38400K, used 5096K [0x00000000d5d80000, 0x00000000d8800000, 0x0000000100000000)
  eden space 33280K, 0% used [0x00000000d5d80000,0x00000000d5d80000,0x00000000d7e00000)
  from space 5120K, 99% used [0x00000000d8300000,0x00000000d87fa1b8,0x00000000d8800000)
  to   space 5120K, 0% used [0x00000000d7e00000,0x00000000d7e00000,0x00000000d8300000)
 ParOldGen       total 87552K, used 6774K [0x0000000081800000, 0x0000000086d80000, 0x00000000d5d80000)
  object space 87552K, 7% used [0x0000000081800000,0x0000000081e9da30,0x0000000086d80000)
 Metaspace       used 20824K, capacity 21112K, committed 21296K, reserved 1069056K
  class space    used 2632K, capacity 2688K, committed 2688K, reserved 1048576K
Event: 96.943 GC heap after
Heap after GC invocations=3 (full 1):
 PSYoungGen      total 38400K, used 0K [0x00000000d5d80000, 0x00000000d8800000, 0x0000000100000000)
  eden space 33280K, 0% used [0x00000000d5d80000,0x00000000d5d80000,0x00000000d7e00000)
  from space 5120K, 0% used [0x00000000d8300000,0x00000000d8300000,0x00000000d8800000)
  to   space 5120K, 0% used [0x00000000d7e00000,0x00000000d7e00000,0x00000000d8300000)
 ParOldGen       total 49152K, used 10669K [0x0000000081800000, 0x0000000084800000, 0x00000000d5d80000)
  object space 49152K, 21% used [0x0000000081800000,0x000000008226b4c0,0x0000000084800000)
 Metaspace       used 20824K, capacity 21112K, committed 21296K, reserved 1069056K
  class space    used 2632K, capacity 2688K, committed 2688K, reserved 1048576K
}
Event: 97.510 GC heap before
{Heap before GC invocations=4 (full 1):
 PSYoungGen      total 38400K, used 33280K [0x00000000d5d80000, 0x00000000d8800000, 0x0000000100000000)
  eden space 33280K, 100% used [0x00000000d5d80000,0x00000000d7e00000,0x00000000d7e00000)
  from space 5120K, 0% used [0x00000000d8300000,0x00000000d8300000,0x00000000d8800000)
  to   space 5120K, 0% used [0x00000000d7e00000,0x00000000d7e00000,0x00000000d8300000)
 ParOldGen       total 49152K, used 10669K [0x0000000081800000, 0x0000000084800000, 0x00000000d5d80000)
  object space 49152K, 21% used [0x0000000081800000,0x000000008226b4c0,0x0000000084800000)
 Metaspace       used 24733K, capacity 25022K, committed 25344K, reserved 1071104K
  class space    used 3124K, capacity 3201K, committed 3328K, reserved 1048576K
Event: 97.514 GC heap after
Heap after GC invocations=4 (full 1):
 PSYoungGen      total 38400K, used 4248K [0x00000000d5d80000, 0x00000000d8800000, 0x0000000100000000)
  eden space 33280K, 0% used [0x00000000d5d80000,0x00000000d5d80000,0x00000000d7e00000)
  from space 5120K, 82% used [0x00000000d7e00000,0x00000000d82261c8,0x00000000d8300000)
  to   space 5120K, 0% used [0x00000000d8300000,0x00000000d8300000,0x00000000d8800000)
 ParOldGen       total 49152K, used 10677K [0x0000000081800000, 0x0000000084800000, 0x00000000d5d80000)
  object space 49152K, 21% used [0x0000000081800000,0x000000008226d4c0,0x0000000084800000)
 Metaspace       used 24733K, capacity 25022K, committed 25344K, reserved 1071104K
  class space    used 3124K, capacity 3201K, committed 3328K, reserved 1048576K
}
Event: 99.221 GC heap before
{Heap before GC invocations=5 (full 1):
 PSYoungGen      total 38400K, used 36250K [0x00000000d5d80000, 0x00000000d8800000, 0x0000000100000000)
  eden space 33280K, 96% used [0x00000000d5d80000,0x00000000d7cc06a8,0x00000000d7e00000)
  from space 5120K, 82% used [0x00000000d7e00000,0x00000000d82261c8,0x00000000d8300000)
  to   space 5120K, 0% used [0x00000000d8300000,0x00000000d8300000,0x00000000d8800000)
 ParOldGen       total 49152K, used 10677K [0x0000000081800000, 0x0000000084800000, 0x00000000d5d80000)
  object space 49152K, 21% used [0x0000000081800000,0x000000008226d4c0,0x0000000084800000)
 Metaspace       used 32395K, capacity 32670K, committed 33024K, reserved 1079296K
  class space    used 3914K, capacity 3974K, committed 4096K, reserved 1048576K
Event: 99.230 GC heap after
Heap after GC invocations=5 (full 1):
 PSYoungGen      total 38400K, used 5108K [0x00000000d5d80000, 0x00000000d8800000, 0x0000000100000000)
  eden space 33280K, 0% used [0x00000000d5d80000,0x00000000d5d80000,0x00000000d7e00000)
  from space 5120K, 99% used [0x00000000d8300000,0x00000000d87fd3c0,0x00000000d8800000)
  to   space 5120K, 0% used [0x00000000d7e00000,0x00000000d7e00000,0x00000000d8300000)
 ParOldGen       total 49152K, used 14329K [0x0000000081800000, 0x0000000084800000, 0x00000000d5d80000)
  object space 49152K, 29% used [0x0000000081800000,0x00000000825fe6a8,0x0000000084800000)
 Metaspace       used 32395K, capacity 32670K, committed 33024K, reserved 1079296K
  class space    used 3914K, capacity 3974K, committed 4096K, reserved 1048576K
}

Deoptimization events (10 events):
Event: 99.006 Thread 0x0000023ffe947800 Uncommon trap: reason=unstable_if action=reinterpret pc=0x0000023fe8de35f4 method=java.lang.ref.SoftReference.get()Ljava/lang/Object; @ 6
Event: 99.057 Thread 0x0000023ffe947800 Uncommon trap: reason=unstable_if action=reinterpret pc=0x0000023fe8e77f54 method=sun.util.logging.PlatformLogger.isLoggable(Lsun/util/logging/PlatformLogger$Level;)Z @ 18
Event: 99.094 Thread 0x0000023ffe947800 Uncommon trap: reason=unstable_if action=reinterpret pc=0x0000023fe9119b6c method=java.lang.ClassLoader.checkName(Ljava/lang/String;)Z @ 20
Event: 99.192 Thread 0x0000023ffe947800 Uncommon trap: reason=unstable_if action=reinterpret pc=0x0000023fe91e9478 method=java.lang.CharacterDataLatin1.digit(II)I @ 60
Event: 99.241 Thread 0x0000023ffe947800 Uncommon trap: reason=unstable_if action=reinterpret pc=0x0000023fe8cd6200 method=java.awt.MultipleGradientPaintContext.indexIntoGradientsArrays(F)I @ 118
Event: 99.267 Thread 0x0000023ffe947800 Uncommon trap: reason=class_check action=maybe_recompile pc=0x0000023fe8ca0794 method=java.util.HashMap.putVal(ILjava/lang/Object;Ljava/lang/Object;ZZ)Ljava/lang/Object; @ 253
Event: 99.272 Thread 0x0000023ffe947800 Uncommon trap: reason=class_check action=maybe_recompile pc=0x0000023fe8ca0794 method=java.util.HashMap.putVal(ILjava/lang/Object;Ljava/lang/Object;ZZ)Ljava/lang/Object; @ 253
Event: 99.272 Thread 0x0000023ffe947800 Uncommon trap: reason=class_check action=maybe_recompile pc=0x0000023fe8ca0794 method=java.util.HashMap.putVal(ILjava/lang/Object;Ljava/lang/Object;ZZ)Ljava/lang/Object; @ 253
Event: 99.273 Thread 0x0000023ffe947800 Uncommon trap: reason=class_check action=maybe_recompile pc=0x0000023fe8ca0794 method=java.util.HashMap.putVal(ILjava/lang/Object;Ljava/lang/Object;ZZ)Ljava/lang/Object; @ 253
Event: 174.505 Thread 0x0000023ffe947800 Uncommon trap: reason=unstable_if action=reinterpret pc=0x0000023fe8e57fec method=java.security.AccessControlContext.optimize()Ljava/security/AccessControlContext; @ 233

Classes redefined (0 events):
No events

Internal exceptions (10 events):
Event: 97.381 Thread 0x0000023ffe947800 Exception <a 'java/lang/ArrayIndexOutOfBoundsException': 18> (0x00000000d73344b8) thrown at [C:\jenkins\workspace\8-2-build-windows-amd64-cygwin\jdk8u281\880\hotspot\src\share\vm\interpreter\interpreterRuntime.cpp, line 371]
Event: 97.382 Thread 0x0000023ffe947800 Exception <a 'java/lang/ArrayIndexOutOfBoundsException': 22> (0x00000000d7337be8) thrown at [C:\jenkins\workspace\8-2-build-windows-amd64-cygwin\jdk8u281\880\hotspot\src\share\vm\interpreter\interpreterRuntime.cpp, line 371]
Event: 97.383 Thread 0x0000023ffe947800 Exception <a 'java/lang/ArrayIndexOutOfBoundsException': 160> (0x00000000d733a390) thrown at [C:\jenkins\workspace\8-2-build-windows-amd64-cygwin\jdk8u281\880\hotspot\src\share\vm\interpreter\interpreterRuntime.cpp, line 371]
Event: 97.386 Thread 0x0000023ffe947800 Exception <a 'java/lang/ClassNotFoundException': net/sf/jasperreports/engine/base/JRBaseElementCustomizer> (0x00000000d734ae90) thrown at [C:\jenkins\workspace\8-2-build-windows-amd64-cygwin\jdk8u281\880\hotspot\src\share\vm\classfile\systemDictionary.cpp
Event: 97.390 Thread 0x0000023ffe947800 Exception <a 'java/lang/ClassNotFoundException': net/sf/jasperreports/engine/design/JRDesignElementCustomizer> (0x00000000d738b4d0) thrown at [C:\jenkins\workspace\8-2-build-windows-amd64-cygwin\jdk8u281\880\hotspot\src\share\vm\classfile\systemDictionary
Event: 97.391 Thread 0x0000023ffe947800 Exception <a 'java/lang/ArrayIndexOutOfBoundsException'> (0x00000000d7394ea0) thrown at [C:\jenkins\workspace\8-2-build-windows-amd64-cygwin\jdk8u281\880\hotspot\src\share\vm\runtime\sharedRuntime.cpp, line 609]
Event: 97.391 Thread 0x0000023ffe947800 Exception <a 'java/lang/ArrayIndexOutOfBoundsException'> (0x00000000d73966f0) thrown at [C:\jenkins\workspace\8-2-build-windows-amd64-cygwin\jdk8u281\880\hotspot\src\share\vm\runtime\sharedRuntime.cpp, line 609]
Event: 97.392 Thread 0x0000023ffe947800 Exception <a 'java/lang/ClassNotFoundException': net/sf/jasperreports/engine/design/JRDesignTextElementCustomizer> (0x00000000d73ba288) thrown at [C:\jenkins\workspace\8-2-build-windows-amd64-cygwin\jdk8u281\880\hotspot\src\share\vm\classfile\systemDictio
Event: 97.398 Thread 0x0000023ffe947800 Exception <a 'java/lang/ClassNotFoundException': net/sf/jasperreports/engine/design/JRDesignStaticTextCustomizer> (0x00000000d742e1c8) thrown at [C:\jenkins\workspace\8-2-build-windows-amd64-cygwin\jdk8u281\880\hotspot\src\share\vm\classfile\systemDiction
Event: 97.692 Thread 0x0000023ffe947800 Exception <a 'java/lang/ArrayIndexOutOfBoundsException': 15720> (0x00000000d68ff4c0) thrown at [C:\jenkins\workspace\8-2-build-windows-amd64-cygwin\jdk8u281\880\hotspot\src\share\vm\interpreter\interpreterRuntime.cpp, line 371]

Events (10 events):
Event: 174.598 loading class sun/print/Win32PrintServiceLookup$1 done
Event: 174.600 loading class sun/print/Win32PrintServiceLookup$PrinterChangeListener
Event: 174.600 loading class sun/print/Win32PrintServiceLookup$PrinterChangeListener done
Event: 174.610 Thread 0x0000023ffd60d800 Thread added: 0x0000023ffd60d800
Event: 174.610 loading class sun/print/Win32PrintServiceLookup$RemotePrinterChangeListener
Event: 174.611 loading class sun/print/Win32PrintServiceLookup$RemotePrinterChangeListener done
Event: 174.611 Executing VM operation: RevokeBias
Event: 174.611 Executing VM operation: RevokeBias done
Event: 174.611 Thread 0x0000023ffd60d800 Thread exited: 0x0000023ffd60d800
Event: 174.611 Thread 0x0000023ffd60b000 Thread added: 0x0000023ffd60b000


Dynamic libraries:
0x00007ff7e6aa0000 - 0x00007ff7e6ae7000 	C:\Program Files\Java\jdk1.8.0_281\bin\java.exe
0x00007ffbf5210000 - 0x00007ffbf5407000 	C:\Windows\SYSTEM32\ntdll.dll
0x00007ffbf4de0000 - 0x00007ffbf4e9d000 	C:\Windows\System32\KERNEL32.DLL
0x00007ffbf2c40000 - 0x00007ffbf2f36000 	C:\Windows\System32\KERNELBASE.dll
0x00007ffbf49e0000 - 0x00007ffbf4a8e000 	C:\Windows\System32\ADVAPI32.dll
0x00007ffbf4800000 - 0x00007ffbf489e000 	C:\Windows\System32\msvcrt.dll
0x00007ffbf4d10000 - 0x00007ffbf4dac000 	C:\Windows\System32\sechost.dll
0x00007ffbf48a0000 - 0x00007ffbf49c6000 	C:\Windows\System32\RPCRT4.dll
0x00007ffbf4f00000 - 0x00007ffbf509e000 	C:\Windows\System32\USER32.dll
0x00007ffbf2a80000 - 0x00007ffbf2aa2000 	C:\Windows\System32\win32u.dll
0x00007ffbf4db0000 - 0x00007ffbf4ddc000 	C:\Windows\System32\GDI32.dll
0x00007ffbf3150000 - 0x00007ffbf326a000 	C:\Windows\System32\gdi32full.dll
0x00007ffbf2f40000 - 0x00007ffbf2fdd000 	C:\Windows\System32\msvcp_win.dll
0x00007ffbf2b40000 - 0x00007ffbf2c40000 	C:\Windows\System32\ucrtbase.dll
0x00007ffbe4180000 - 0x00007ffbe441a000 	C:\Windows\WinSxS\amd64_microsoft.windows.common-controls_6595b64144ccf1df_6.0.19041.3570_none_60bb2a3971f3e41a\COMCTL32.dll
0x00007ffbf4080000 - 0x00007ffbf40b0000 	C:\Windows\System32\IMM32.DLL
0x00007ffbed1a0000 - 0x00007ffbed1b5000 	C:\Program Files\Java\jdk1.8.0_281\jre\bin\vcruntime140.dll
0x00007ffbbc760000 - 0x00007ffbbc7fb000 	C:\Program Files\Java\jdk1.8.0_281\jre\bin\msvcp140.dll
0x0000000074c20000 - 0x000000007547f000 	C:\Program Files\Java\jdk1.8.0_281\jre\bin\server\jvm.dll
0x00007ffbf4070000 - 0x00007ffbf4078000 	C:\Windows\System32\PSAPI.DLL
0x00007ffbf0260000 - 0x00007ffbf0269000 	C:\Windows\SYSTEM32\WSOCK32.dll
0x00007ffbea100000 - 0x00007ffbea127000 	C:\Windows\SYSTEM32\WINMM.dll
0x00007ffbecf60000 - 0x00007ffbecf6a000 	C:\Windows\SYSTEM32\VERSION.dll
0x00007ffbf3920000 - 0x00007ffbf398b000 	C:\Windows\System32\WS2_32.dll
0x00007ffbf0970000 - 0x00007ffbf0982000 	C:\Windows\SYSTEM32\kernel.appcore.dll
0x00007ffbefb50000 - 0x00007ffbefb60000 	C:\Program Files\Java\jdk1.8.0_281\jre\bin\verify.dll
0x00007ffbecd60000 - 0x00007ffbecd8b000 	C:\Program Files\Java\jdk1.8.0_281\jre\bin\java.dll
0x00007ffbec860000 - 0x00007ffbec878000 	C:\Program Files\Java\jdk1.8.0_281\jre\bin\zip.dll
0x00007ffbf40b0000 - 0x00007ffbf47f4000 	C:\Windows\System32\SHELL32.dll
0x00007ffbf0a70000 - 0x00007ffbf120b000 	C:\Windows\SYSTEM32\windows.storage.dll
0x00007ffbf3280000 - 0x00007ffbf35d4000 	C:\Windows\System32\combase.dll
0x00007ffbf2330000 - 0x00007ffbf235d000 	C:\Windows\SYSTEM32\Wldp.dll
0x00007ffbf3a50000 - 0x00007ffbf3afd000 	C:\Windows\System32\SHCORE.dll
0x00007ffbf3990000 - 0x00007ffbf39e5000 	C:\Windows\System32\shlwapi.dll
0x00007ffbf2820000 - 0x00007ffbf2845000 	C:\Windows\SYSTEM32\profapi.dll
0x00007ffbb0d50000 - 0x00007ffbb0ee5000 	C:\Program Files\Java\jdk1.8.0_281\jre\bin\awt.dll
0x00007ffbf4a90000 - 0x00007ffbf4b5d000 	C:\Windows\System32\OLEAUT32.dll
0x00007ffbefcf0000 - 0x00007ffbefd80000 	C:\Windows\SYSTEM32\apphelp.dll
0x00007ffbf02a0000 - 0x00007ffbf033e000 	C:\Windows\system32\uxtheme.dll
0x00007ffbf35e0000 - 0x00007ffbf36f4000 	C:\Windows\System32\MSCTF.dll
0x00007ffbf37f0000 - 0x00007ffbf391b000 	C:\Windows\System32\ole32.dll
0x00007ffbf2ab0000 - 0x00007ffbf2b32000 	C:\Windows\System32\bcryptPrimitives.dll
0x00007ffbf04a0000 - 0x00007ffbf04cf000 	C:\Windows\system32\DWMAPI.DLL
0x00007ffbc7950000 - 0x00007ffbc7999000 	C:\Program Files\Java\jdk1.8.0_281\jre\bin\fontmanager.dll
0x00007ffbdb070000 - 0x00007ffbdb195000 	C:\Windows\system32\opengl32.dll
0x00007ffbe2410000 - 0x00007ffbe243c000 	C:\Windows\SYSTEM32\GLU32.dll
0x00007ffbeb3e0000 - 0x00007ffbeb3fc000 	C:\Program Files\Java\jdk1.8.0_281\jre\bin\net.dll
0x00007ffbf2090000 - 0x00007ffbf20fa000 	C:\Windows\system32\mswsock.dll
0x00007ffbf1dd0000 - 0x00007ffbf1e9a000 	C:\Windows\SYSTEM32\DNSAPI.dll
0x00007ffbf1d30000 - 0x00007ffbf1d6b000 	C:\Windows\SYSTEM32\IPHLPAPI.DLL
0x00007ffbf3270000 - 0x00007ffbf3278000 	C:\Windows\System32\NSI.dll
0x00007ffbe51a0000 - 0x00007ffbe51aa000 	C:\Windows\System32\rasadhlp.dll
0x00007ffbe50b0000 - 0x00007ffbe5132000 	C:\Windows\System32\fwpuclnt.dll
0x00007ffbf28f0000 - 0x00007ffbf2917000 	C:\Windows\System32\bcrypt.dll
0x00007ffbf5120000 - 0x00007ffbf51c9000 	C:\Windows\System32\clbcatq.dll
0x00007ffbecda0000 - 0x00007ffbecf54000 	C:\Windows\SYSTEM32\WindowsCodecs.dll
0x00007ffbdbfc0000 - 0x00007ffbdbffe000 	C:\Windows\system32\dataexchange.dll
0x00007ffbee780000 - 0x00007ffbee9e3000 	C:\Windows\system32\d3d11.dll
0x00007ffbef100000 - 0x00007ffbef2e3000 	C:\Windows\system32\dcomp.dll
0x00007ffbf1270000 - 0x00007ffbf1363000 	C:\Windows\system32\dxgi.dll
0x00007ffbec960000 - 0x00007ffbecb67000 	C:\Windows\system32\twinapi.appcore.dll
0x00007ffbeb350000 - 0x00007ffbeb363000 	C:\Program Files\Java\jdk1.8.0_281\jre\bin\nio.dll
0x00007ffbc5ad0000 - 0x00007ffbc5b13000 	C:\Program Files\Java\jdk1.8.0_281\jre\bin\t2k.dll
0x00007ffbe3d70000 - 0x00007ffbe3e6a000 	C:\Windows\SYSTEM32\textinputframework.dll
0x00007ffbef2f0000 - 0x00007ffbef3e2000 	C:\Windows\System32\CoreMessaging.dll
0x00007ffbef770000 - 0x00007ffbefacb000 	C:\Windows\System32\CoreUIComponents.dll
0x00007ffbedac0000 - 0x00007ffbedc15000 	C:\Windows\SYSTEM32\wintypes.dll
0x00007ffbf1a50000 - 0x00007ffbf1a83000 	C:\Windows\SYSTEM32\ntmarta.dll
0x00007ffbd53e0000 - 0x00007ffbd540a000 	C:\Program Files\Java\jdk1.8.0_281\jre\bin\dcpr.dll
0x00007ffbf2280000 - 0x00007ffbf2298000 	C:\Windows\SYSTEM32\CRYPTSP.dll
0x00007ffbf1930000 - 0x00007ffbf1964000 	C:\Windows\system32\rsaenh.dll
0x00007ffbf27a0000 - 0x00007ffbf27ce000 	C:\Windows\SYSTEM32\USERENV.dll
0x00007ffbf22a0000 - 0x00007ffbf22ac000 	C:\Windows\SYSTEM32\CRYPTBASE.dll
0x00007ffbebd40000 - 0x00007ffbebd57000 	C:\Windows\SYSTEM32\dhcpcsvc6.DLL
0x00007ffbebd20000 - 0x00007ffbebd3d000 	C:\Windows\SYSTEM32\dhcpcsvc.DLL
0x00007ffbe49b0000 - 0x00007ffbe4a4d000 	C:\Windows\SYSTEM32\WINSPOOL.DRV
0x00007ffbefe70000 - 0x00007ffbf0054000 	C:\Windows\SYSTEM32\dbghelp.dll

VM Arguments:
jvm_args: -Dfile.encoding=UTF-8 
java_command: Pizza.Login
java_class_path (initial): D:\netbeans\NetBeans 8.2\java\modules\ext\AbsoluteLayout.jar;C:\Users\A\Documents\Programacion Avanzada\proyecto\jar_files\aopalliance-1.0.jar;C:\Users\A\Documents\Programacion Avanzada\proyecto\jar_files\bcmail-jdk14-1.38.jar;C:\Users\A\Documents\Programacion Avanzada\proyecto\jar_files\bcmail-jdk14-138.jar;C:\Users\A\Documents\Programacion Avanzada\proyecto\jar_files\bcprov-jdk14-1.38.jar;C:\Users\A\Documents\Programacion Avanzada\proyecto\jar_files\bcprov-jdk14-138.jar;C:\Users\A\Documents\Programacion Avanzada\proyecto\jar_files\bctsp-jdk14-1.38.jar;C:\Users\A\Documents\Programacion Avanzada\proyecto\jar_files\castor-core-1.3.3.jar;C:\Users\A\Documents\Programacion Avanzada\proyecto\jar_files\castor-xml-1.3.3.jar;C:\Users\A\Documents\Programacion Avanzada\proyecto\jar_files\commons-beanutils-1.9.0.jar;C:\Users\A\Documents\Programacion Avanzada\proyecto\jar_files\commons-collections-3.2.2.jar;C:\Users\A\Documents\Programacion Avanzada\proyecto\jar_files\commons-digester-2.1.jar;C:\Users\A\Documents\Programacion Avanzada\proyecto\jar_files\commons-lang-2.6.jar;C:\Users\A\Documents\Programacion Avanzada\proyecto\jar_files\commons-logging-1.1.1.jar;C:\Users\A\Documents\Programacion Avanzada\proyecto\jar_files\core-2.3.0.jar;C:\Users\A\Documents\Programacion Avanzada\proyecto\jar_files\ecj-4.3.1.jar;C:\Users\A\Documents\Programacion Avanzada\proyecto\jar_files\icu4j-57.1.jar;C:\Users\A\Documents\Programacion Avanzada\proyecto\jar_files\itext-2.1.7.js5.jar;C:\Users\A\Documents\Programacion Avanzada\proyecto\jar_files\jackson-annotations-2.1.4.jar;C:\Users\A\Documents\Programacion Avanzada\proyecto\jar_files\jackson-core-2.1.4.jar;C:\Users\A\Documents\Programacion Avanzada\proyecto\jar_files\jackson-databind-2.1.4.jar;C:\Users\A\Documents\Programacion Avanzada\proyecto\jar_files\jakarta-regexp-1.4.jar;C:\Users\A\Documents\Programacion Avanzada\proyecto\jar_files\jasperreports-6.3.0.jar;C:\Users\A\Documents\Programacion Avanzada\proyecto\jar
Launcher Type: SUN_STANDARD

Environment Variables:
JAVA_HOME=C:\Program Files\Eclipse Adoptium\jre-8.0.322.6-hotspot\
PATH=C:\Program Files (x86)\Common Files\Oracle\Java\javapath;C:\Program Files\Common Files\Oracle\Java\javapath;C:\Python311\Scripts\;C:\Python311\;C:\Program Files\Eclipse Adoptium\jre-8.0.322.6-hotspot\bin;C:\Program Files\Eclipse Adoptium\jre-11.0.14.9-hotspot\bin;C:\Program Files (x86)\Eclipse Adoptium\jre-8.0.312.7-hotspot\bin;C:\Windows\system32;C:\Windows;C:\Windows\System32\Wbem;C:\Windows\System32\WindowsPowerShell\v1.0\;C:\Windows\System32\OpenSSH\;C:\Program Files (x86)\dotnet\;C:\Program Files\dotnet\;C:\ProgramData\chocolatey\bin;C:\Program Files\Git\cmd;C:\Strawberry\c\bin;C:\Strawberry\perl\site\bin;C:\Strawberry\perl\bin;D:\node\;C:\Users\A\AppData\Local\Microsoft\WindowsApps;D:\Microsoft VS Code\bin;C:\tools\msys64;C:\Users\A\AppData\Roaming\Python\Python311\Scripts;C:\Users\A\AppData\Roaming\npm;C:\ffmpeg\bin;D:\INSTALADAS\Nmap
USERNAME=A
OS=Windows_NT
PROCESSOR_IDENTIFIER=Intel64 Family 6 Model 78 Stepping 3, GenuineIntel



---------------  S Y S T E M  ---------------

OS: Windows 10.0 , 64 bit Build 19041 (10.0.19041.3570)

CPU:total 4 (initial active 4) (2 cores per cpu, 2 threads per core) family 6 model 78 stepping 3, cmov, cx8, fxsr, mmx, sse, sse2, sse3, ssse3, sse4.1, sse4.2, popcnt, avx, avx2, aes, clmul, erms, 3dnowpref, lzcnt, ht, tsc, tscinvbit, bmi1, bmi2, adx

Memory: 4k page, physical 8283552k(2436120k free), swap 9695240k(1030096k free)

vm_info: Java HotSpot(TM) 64-Bit Server VM (25.281-b09) for windows-amd64 JRE (1.8.0_281-b09), built on Dec  9 2020 13:54:07 by "" with MS VC++ 15.9 (VS2017)

time: Thu Nov 30 11:26:27 2023
timezone: Hora estándar Pacífico (México)
elapsed time: 174.728913 seconds (0d 0h 2m 54s)

